<?xml version="1.0" encoding="UTF-8"?>
<!-- Generated by org.testng.reporters.JUnitReportReporter -->
<testsuite hostname="Syed" failures="0" tests="1" name="com.TestRunner.TestRunner" time="0.054" errors="0" timestamp="10 Mar 2020 17:11:27 GMT" skipped="0">
  <testcase classname="com.TestRunner.TestRunner" name="feature" time="0.054"/>
</testsuite> <!-- com.TestRunner.TestRunner -->
